Drill report for /Users/Lulu/nRF5_SDK_12/examples/polar/pcb/left/interphase.kicad_pcb
Created on Monday, 23 April 2018 'amt' 04:38:19

Copper Layer Stackup:
    =============================================================
    L1 :  F.Cu                      front
    L2 :  B.Cu                      back


Drill file 'interphase.drl' contains
    plated through holes:
    =============================================================
    T1  0.40mm  0.016"  (13 holes)
    T2  0.90mm  0.035"  (3 holes)
    T3  1.00mm  0.039"  (4 holes)
    T4  1.50mm  0.059"  (62 holes)

    Total plated holes count 82


Drill file 'interphase-NPTH.drl' contains
    unplated through holes:
    =============================================================
    T1  1.70mm  0.067"  (60 holes)
    T2  4.00mm  0.157"  (30 holes)

    Total unplated holes count 90
